signup_day total_signups activated_users transacting_users
---------- ------------- --------------- -----------------
2025-09-01 19            10              9
2025-09-02 16            12              7
2025-09-03 21            10              8
2025-09-04 18            11              8
2025-09-05 22            11              9
2025-09-06 13            9               9
2025-09-07 14            10              9
2025-09-08 16            10              5
2025-09-09 20            16              11
2025-09-10 22            17              8
2025-09-11 17            13              8
2025-09-12 18            11              9
2025-09-13 12            9               7
2025-09-14 17            12              10
2025-09-15 14            9               6
2025-09-16 17            12              9
2025-09-17 16            10              3
2025-09-18 19            14              8
2025-09-19 11            7               5
2025-09-20 19            14              12
2025-09-21 12            8               5
2025-09-22 16            12              7
2025-09-23 21            12              9
2025-09-24 15            14              12
2025-09-25 16            13              9
2025-09-26 13            9               7
2025-09-27 19            13              8
2025-09-28 17            9               9
2025-09-29 19            15              10
2025-09-30 11            10              10

(30 rows affected)


Completion time: 2025-10-27T15:49:28.2992404+01:00
